[debug] [2022-03-28T08:53:10.398Z] ----------------------------------------------------------------------
[debug] [2022-03-28T08:53:10.401Z] Command:       C:\Program Files\nodejs\node.exe C:\Users\Hp\AppData\Roaming\npm\node_modules\firebase-tools\lib\bin\firebase.js init emulators
[debug] [2022-03-28T08:53:10.402Z] CLI Version:   10.4.0
[debug] [2022-03-28T08:53:10.402Z] Platform:      win32
[debug] [2022-03-28T08:53:10.402Z] Node Version:  v16.13.2
[debug] [2022-03-28T08:53:10.403Z] Time:          Mon Mar 28 2022 11:53:10 GMT+0300 (East Africa Time)
[debug] [2022-03-28T08:53:10.404Z] ----------------------------------------------------------------------
[debug] 
[debug] [2022-03-28T08:53:10.516Z] > command requires scopes: ["email","openid","https://www.googleapis.com/auth/cloudplatformprojects.readonly","https://www.googleapis.com/auth/firebase","https://www.googleapis.com/auth/cloud-platform"]
[debug] [2022-03-28T08:53:10.517Z] > authorizing via signed-in user (abigiyatadesse23@gmail.com)
[info] 
     ######## #### ########  ######## ########     ###     ######  ########
     ##        ##  ##     ## ##       ##     ##  ##   ##  ##       ##
     ######    ##  ########  ######   ########  #########  ######  ######
     ##        ##  ##    ##  ##       ##     ## ##     ##       ## ##
     ##       #### ##     ## ######## ########  ##     ##  ######  ########

You're about to initialize a Firebase project in this directory:

  S:\evangadi course\Phase 3 Node, Express, MySQL and React.js\Z3phase Total\Project\amazon\Amazon-front-end-clone-by-Abigiya\amazon-front-end-clone-by-abigiya

Before we get started, keep in mind:

  * You are initializing within an existing Firebase project directory

